<?xml version="1.0" encoding="UTF-8"?>
<!-- Generated by org.testng.reporters.JUnitXMLReporter -->
<testsuite ignored="0" hostname="DESKTOP-98I1HA0" failures="3" tests="3" name="Test" time="77.186" errors="0" timestamp="2021-06-12T22:11:16 IST">
  <testcase classname="com.tests.LoginTest" name="verifyLoginPageTitleTest" time="0.053">
    <failure type="java.lang.AssertionError" message="expected [give ExpectedTitle] but found [Facebook - ಲಾಗ್ ಇನ್ ಅಥವಾ ಸೈನ್ ಅಪ್]">
      <![CDATA[java.lang.AssertionError: expected [give ExpectedTitle] but found [Facebook - ಲಾಗ್ ಇನ್ ಅಥವಾ ಸೈನ್ ಅಪ್]
at com.tests.LoginTest.verifyLoginPageTitleTest(LoginTest.java:15)
at java.base/java.util.ArrayList.forEach(ArrayList.java:1511)
... Removed 33 stack frames]]>
    </failure>
  </testcase> <!-- verifyLoginPageTitleTest -->
  <testcase classname="com.tests.LoginTest" name="verifyLoginPageHeaderTest" time="0.006">
    <failure type="java.lang.NullPointerException" message="Cannot invoke &amp;quot;org.openqa.selenium.By.toString()&amp;quot; because &amp;quot;locator&amp;quot; is null">
      <![CDATA[java.lang.NullPointerException: Cannot invoke "org.openqa.selenium.By.toString()" because "locator" is null
at com.mypages.BasePage.getElement(BasePage.java:33)
at com.mypages.BasePage.getPageHeader(BasePage.java:22)
at com.mypages.LoginPage.getLoginPageHeader(LoginPage.java:48)
at com.tests.LoginTest.verifyLoginPageHeaderTest(LoginTest.java:20)
at java.base/java.util.ArrayList.forEach(ArrayList.java:1511)
... Removed 27 stack frames]]>
    </failure>
  </testcase> <!-- verifyLoginPageHeaderTest -->
  <testcase classname="com.tests.LoginTest" name="doLoginTest" time="17.252">
    <failure type="java.lang.NullPointerException" message="Cannot invoke &amp;quot;org.openqa.selenium.WebElement.getText()&amp;quot; because the return value of &amp;quot;com.mypages.BasePage.getElement(org.openqa.selenium.By)&amp;quot; is null">
      <![CDATA[java.lang.NullPointerException: Cannot invoke "org.openqa.selenium.WebElement.getText()" because the return value of "com.mypages.BasePage.getElement(org.openqa.selenium.By)" is null
at com.mypages.BasePage.getPageHeader(BasePage.java:22)
at com.mypages.HomePage.getHomePageHeader(HomePage.java:24)
at com.tests.LoginTest.doLoginTest(LoginTest.java:28)
at java.base/java.util.ArrayList.forEach(ArrayList.java:1511)
... Removed 27 stack frames]]>
    </failure>
  </testcase> <!-- doLoginTest -->
</testsuite> <!-- Test -->
