<?xml version="1.0" encoding="UTF-8"?>
<!-- Generated by org.testng.reporters.JUnitXMLReporter -->
<testsuite ignored="0" hostname="DESKTOP-98I1HA0" failures="0" tests="3" name="Test" time="0.315" errors="0" timestamp="2021-06-12T21:56:21 IST">
  <testcase classname="com.tests.BaseTest" name="@BeforeMethod setUpTest" time="0.218">
    <failure type="java.lang.IllegalStateException" message="The driver executable does not exist: F:\Shiva\Final2021_Auto\automation\chromedriver.exe">
      <![CDATA[java.lang.IllegalStateException: The driver executable does not exist: F:\Shiva\Final2021_Auto\automation\chromedriver.exe
at com.google.common.base.Preconditions.checkState(Preconditions.java:585)
at org.openqa.selenium.remote.service.DriverService.checkExecutable(DriverService.java:146)
at org.openqa.selenium.remote.service.DriverService.findExecutable(DriverService.java:141)
at org.openqa.selenium.chrome.ChromeDriverService.access$000(ChromeDriverService.java:35)
at org.openqa.selenium.chrome.ChromeDriverService$Builder.findDefaultExecutable(ChromeDriverService.java:159)
at org.openqa.selenium.remote.service.DriverService$Builder.build(DriverService.java:355)
at org.openqa.selenium.chrome.ChromeDriverService.createDefaultService(ChromeDriverService.java:94)
at org.openqa.selenium.chrome.ChromeDriver.<init>(ChromeDriver.java:123)
at com.tests.BaseTest.setUpTest(BaseTest.java:24)
at java.base/java.util.ArrayList.forEach(ArrayList.java:1511)
... Removed 35 stack frames]]>
    </failure>
  </testcase> <!-- @BeforeMethod setUpTest -->
  <testcase classname="com.tests.BaseTest" name="@AfterMethod tearDown" time="-1.623515181507E9">
    <skipped/>
  </testcase> <!-- @AfterMethod tearDown -->
  <testcase classname="com.tests.BaseTest" name="@BeforeMethod setUpTest" time="-1.623515181513E9">
    <skipped/>
  </testcase> <!-- @BeforeMethod setUpTest -->
  <testcase classname="com.tests.BaseTest" name="@AfterMethod tearDown" time="-1.623515181515E9">
    <skipped/>
  </testcase> <!-- @AfterMethod tearDown -->
  <testcase classname="com.tests.BaseTest" name="@BeforeMethod setUpTest" time="-1.623515181517E9">
    <skipped/>
  </testcase> <!-- @BeforeMethod setUpTest -->
  <testcase classname="com.tests.BaseTest" name="@AfterMethod tearDown" time="-1.623515181519E9">
    <skipped/>
  </testcase> <!-- @AfterMethod tearDown -->
  <testcase classname="com.tests.LoginTest" name="verifyLoginPageTitleTest" time="0.0">
    <skipped/>
  </testcase> <!-- verifyLoginPageTitleTest -->
  <testcase classname="com.tests.LoginTest" name="verifyLoginPageHeaderTest" time="0.0">
    <skipped/>
  </testcase> <!-- verifyLoginPageHeaderTest -->
  <testcase classname="com.tests.LoginTest" name="doLoginTest" time="0.0">
    <skipped/>
  </testcase> <!-- doLoginTest -->
</testsuite> <!-- Test -->
